2005.06.24 16:55 B C:\nuevo_sitio\adodb\session\adodb-compress-bzip2.php <-- hermes /var/www/adodb/session adodb-compress-bzip2.php
2005.06.24 16:55 B C:\nuevo_sitio\adodb\session\adodb-compress-gzip.php <-- hermes /var/www/adodb/session adodb-compress-gzip.php
2005.06.24 16:55 B C:\nuevo_sitio\adodb\session\adodb-cryptsession.php <-- hermes /var/www/adodb/session adodb-cryptsession.php
2005.06.24 16:55 B C:\nuevo_sitio\adodb\session\adodb-encrypt-mcrypt.php <-- hermes /var/www/adodb/session adodb-encrypt-mcrypt.php
2005.06.24 16:55 B C:\nuevo_sitio\adodb\session\adodb-encrypt-md5.php <-- hermes /var/www/adodb/session adodb-encrypt-md5.php
2005.06.24 16:55 B C:\nuevo_sitio\adodb\session\adodb-encrypt-secret.php <-- hermes /var/www/adodb/session adodb-encrypt-secret.php
2005.06.24 16:55 B C:\nuevo_sitio\adodb\session\adodb-sess.txt <-- hermes /var/www/adodb/session adodb-sess.txt
2005.06.24 16:55 B C:\nuevo_sitio\adodb\session\adodb-session-clob.php <-- hermes /var/www/adodb/session adodb-session-clob.php
2005.06.24 16:55 B C:\nuevo_sitio\adodb\session\adodb-session.php <-- hermes /var/www/adodb/session adodb-session.php
2005.06.24 16:55 B C:\nuevo_sitio\adodb\session\adodb-sessions.mysql.sql <-- hermes /var/www/adodb/session adodb-sessions.mysql.sql
2005.06.24 16:55 B C:\nuevo_sitio\adodb\session\adodb-sessions.oracle.clob.sql <-- hermes /var/www/adodb/session adodb-sessions.oracle.clob.sql
2005.06.24 16:55 B C:\nuevo_sitio\adodb\session\adodb-sessions.oracle.sql <-- hermes /var/www/adodb/session adodb-sessions.oracle.sql
2005.06.24 16:55 B C:\nuevo_sitio\adodb\session\crypt.inc.php <-- hermes /var/www/adodb/session crypt.inc.php
2005.07.27 16:15 B c:\apache\htdocs\tmp\adodb\session\adodb-compress-bzip2.php --> hermes /var/www/html/planes/tmp/adodb/session adodb-compress-bzip2.php
2005.07.27 16:15 B c:\apache\htdocs\tmp\adodb\session\adodb-compress-gzip.php --> hermes /var/www/html/planes/tmp/adodb/session adodb-compress-gzip.php
2005.07.27 16:15 B c:\apache\htdocs\tmp\adodb\session\adodb-cryptsession.php --> hermes /var/www/html/planes/tmp/adodb/session adodb-cryptsession.php
2005.07.27 16:15 B c:\apache\htdocs\tmp\adodb\session\adodb-encrypt-mcrypt.php --> hermes /var/www/html/planes/tmp/adodb/session adodb-encrypt-mcrypt.php
2005.07.27 16:15 B c:\apache\htdocs\tmp\adodb\session\adodb-encrypt-md5.php --> hermes /var/www/html/planes/tmp/adodb/session adodb-encrypt-md5.php
2005.07.27 16:15 B c:\apache\htdocs\tmp\adodb\session\adodb-encrypt-secret.php --> hermes /var/www/html/planes/tmp/adodb/session adodb-encrypt-secret.php
2005.07.27 16:15 B c:\apache\htdocs\tmp\adodb\session\adodb-sess.txt --> hermes /var/www/html/planes/tmp/adodb/session adodb-sess.txt
2005.07.27 16:15 B c:\apache\htdocs\tmp\adodb\session\adodb-session-clob.php --> hermes /var/www/html/planes/tmp/adodb/session adodb-session-clob.php
2005.07.27 16:15 B c:\apache\htdocs\tmp\adodb\session\adodb-session.php --> hermes /var/www/html/planes/tmp/adodb/session adodb-session.php
2005.07.27 16:15 B c:\apache\htdocs\tmp\adodb\session\adodb-sessions.mysql.sql --> hermes /var/www/html/planes/tmp/adodb/session adodb-sessions.mysql.sql
2005.07.27 16:15 B c:\apache\htdocs\tmp\adodb\session\adodb-sessions.oracle.clob.sql --> hermes /var/www/html/planes/tmp/adodb/session adodb-sessions.oracle.clob.sql
2005.07.27 16:15 B c:\apache\htdocs\tmp\adodb\session\adodb-sessions.oracle.sql --> hermes /var/www/html/planes/tmp/adodb/session adodb-sessions.oracle.sql
2005.07.27 16:15 B c:\apache\htdocs\tmp\adodb\session\crypt.inc.php --> hermes /var/www/html/planes/tmp/adodb/session crypt.inc.php
2005.07.27 16:15 B c:\apache\htdocs\tmp\adodb\session\WS_FTP.LOG --> hermes /var/www/html/planes/tmp/adodb/session WS_FTP.LOG
