2005.06.24 16:55 B C:\nuevo_sitio\adodb\drivers\adodb-access.inc.php <-- hermes /var/www/adodb/drivers adodb-access.inc.php
2005.06.24 16:55 B C:\nuevo_sitio\adodb\drivers\adodb-ado.inc.php <-- hermes /var/www/adodb/drivers adodb-ado.inc.php
2005.06.24 16:55 B C:\nuevo_sitio\adodb\drivers\adodb-ado_access.inc.php <-- hermes /var/www/adodb/drivers adodb-ado_access.inc.php
2005.06.24 16:55 B C:\nuevo_sitio\adodb\drivers\adodb-ado_mssql.inc.php <-- hermes /var/www/adodb/drivers adodb-ado_mssql.inc.php
2005.06.24 16:55 B C:\nuevo_sitio\adodb\drivers\adodb-borland_ibase.inc.php <-- hermes /var/www/adodb/drivers adodb-borland_ibase.inc.php
2005.06.24 16:55 B C:\nuevo_sitio\adodb\drivers\adodb-csv.inc.php <-- hermes /var/www/adodb/drivers adodb-csv.inc.php
2005.06.24 16:55 B C:\nuevo_sitio\adodb\drivers\adodb-db2.inc.php <-- hermes /var/www/adodb/drivers adodb-db2.inc.php
2005.06.24 16:55 B C:\nuevo_sitio\adodb\drivers\adodb-fbsql.inc.php <-- hermes /var/www/adodb/drivers adodb-fbsql.inc.php
2005.06.24 16:55 B C:\nuevo_sitio\adodb\drivers\adodb-firebird.inc.php <-- hermes /var/www/adodb/drivers adodb-firebird.inc.php
2005.06.24 16:55 B C:\nuevo_sitio\adodb\drivers\adodb-ibase.inc.php <-- hermes /var/www/adodb/drivers adodb-ibase.inc.php
2005.06.24 16:55 B C:\nuevo_sitio\adodb\drivers\adodb-informix.inc.php <-- hermes /var/www/adodb/drivers adodb-informix.inc.php
2005.06.24 16:55 B C:\nuevo_sitio\adodb\drivers\adodb-informix72.inc.php <-- hermes /var/www/adodb/drivers adodb-informix72.inc.php
2005.06.24 16:55 B C:\nuevo_sitio\adodb\drivers\adodb-mssql.inc.php <-- hermes /var/www/adodb/drivers adodb-mssql.inc.php
2005.06.24 16:55 B C:\nuevo_sitio\adodb\drivers\adodb-mssqlpo.inc.php <-- hermes /var/www/adodb/drivers adodb-mssqlpo.inc.php
2005.06.24 16:55 B C:\nuevo_sitio\adodb\drivers\adodb-mysql.inc.php <-- hermes /var/www/adodb/drivers adodb-mysql.inc.php
2005.06.24 16:55 B C:\nuevo_sitio\adodb\drivers\adodb-mysqli.inc.php <-- hermes /var/www/adodb/drivers adodb-mysqli.inc.php
2005.06.24 16:55 B C:\nuevo_sitio\adodb\drivers\adodb-mysqlt.inc.php <-- hermes /var/www/adodb/drivers adodb-mysqlt.inc.php
2005.06.24 16:55 B C:\nuevo_sitio\adodb\drivers\adodb-oci8.inc.php <-- hermes /var/www/adodb/drivers adodb-oci8.inc.php
2005.06.24 16:55 B C:\nuevo_sitio\adodb\drivers\adodb-oci805.inc.php <-- hermes /var/www/adodb/drivers adodb-oci805.inc.php
2005.06.24 16:55 B C:\nuevo_sitio\adodb\drivers\adodb-oci8po.inc.php <-- hermes /var/www/adodb/drivers adodb-oci8po.inc.php
2005.06.24 16:55 B C:\nuevo_sitio\adodb\drivers\adodb-odbc.inc.php <-- hermes /var/www/adodb/drivers adodb-odbc.inc.php
2005.06.24 16:55 B C:\nuevo_sitio\adodb\drivers\adodb-odbc_mssql.inc.php <-- hermes /var/www/adodb/drivers adodb-odbc_mssql.inc.php
2005.06.24 16:55 B C:\nuevo_sitio\adodb\drivers\adodb-odbc_oracle.inc.php <-- hermes /var/www/adodb/drivers adodb-odbc_oracle.inc.php
2005.06.24 16:55 B C:\nuevo_sitio\adodb\drivers\adodb-oracle.inc.php <-- hermes /var/www/adodb/drivers adodb-oracle.inc.php
2005.06.24 16:55 B C:\nuevo_sitio\adodb\drivers\adodb-postgres.inc.php <-- hermes /var/www/adodb/drivers adodb-postgres.inc.php
2005.06.24 16:55 B C:\nuevo_sitio\adodb\drivers\adodb-postgres64.inc.php <-- hermes /var/www/adodb/drivers adodb-postgres64.inc.php
2005.06.24 16:55 B C:\nuevo_sitio\adodb\drivers\adodb-postgres7.inc.php <-- hermes /var/www/adodb/drivers adodb-postgres7.inc.php
2005.06.24 16:55 B C:\nuevo_sitio\adodb\drivers\adodb-proxy.inc.php <-- hermes /var/www/adodb/drivers adodb-proxy.inc.php
2005.06.24 16:55 B C:\nuevo_sitio\adodb\drivers\adodb-sapdb.inc.php <-- hermes /var/www/adodb/drivers adodb-sapdb.inc.php
2005.06.24 16:55 B C:\nuevo_sitio\adodb\drivers\adodb-sqlanywhere.inc.php <-- hermes /var/www/adodb/drivers adodb-sqlanywhere.inc.php
2005.06.24 16:55 B C:\nuevo_sitio\adodb\drivers\adodb-sqlite.inc.php <-- hermes /var/www/adodb/drivers adodb-sqlite.inc.php
2005.06.24 16:55 B C:\nuevo_sitio\adodb\drivers\adodb-sybase.inc.php <-- hermes /var/www/adodb/drivers adodb-sybase.inc.php
2005.06.24 16:55 B C:\nuevo_sitio\adodb\drivers\adodb-vfp.inc.php <-- hermes /var/www/adodb/drivers adodb-vfp.inc.php
2005.07.27 16:15 B c:\apache\htdocs\tmp\adodb\drivers\adodb-access.inc.php --> hermes /var/www/html/planes/tmp/adodb/drivers adodb-access.inc.php
2005.07.27 16:15 B c:\apache\htdocs\tmp\adodb\drivers\adodb-ado.inc.php --> hermes /var/www/html/planes/tmp/adodb/drivers adodb-ado.inc.php
2005.07.27 16:15 B c:\apache\htdocs\tmp\adodb\drivers\adodb-ado_access.inc.php --> hermes /var/www/html/planes/tmp/adodb/drivers adodb-ado_access.inc.php
2005.07.27 16:15 B c:\apache\htdocs\tmp\adodb\drivers\adodb-ado_mssql.inc.php --> hermes /var/www/html/planes/tmp/adodb/drivers adodb-ado_mssql.inc.php
2005.07.27 16:15 B c:\apache\htdocs\tmp\adodb\drivers\adodb-borland_ibase.inc.php --> hermes /var/www/html/planes/tmp/adodb/drivers adodb-borland_ibase.inc.php
2005.07.27 16:15 B c:\apache\htdocs\tmp\adodb\drivers\adodb-csv.inc.php --> hermes /var/www/html/planes/tmp/adodb/drivers adodb-csv.inc.php
2005.07.27 16:15 B c:\apache\htdocs\tmp\adodb\drivers\adodb-db2.inc.php --> hermes /var/www/html/planes/tmp/adodb/drivers adodb-db2.inc.php
2005.07.27 16:15 B c:\apache\htdocs\tmp\adodb\drivers\adodb-fbsql.inc.php --> hermes /var/www/html/planes/tmp/adodb/drivers adodb-fbsql.inc.php
2005.07.27 16:15 B c:\apache\htdocs\tmp\adodb\drivers\adodb-firebird.inc.php --> hermes /var/www/html/planes/tmp/adodb/drivers adodb-firebird.inc.php
2005.07.27 16:15 B c:\apache\htdocs\tmp\adodb\drivers\adodb-ibase.inc.php --> hermes /var/www/html/planes/tmp/adodb/drivers adodb-ibase.inc.php
2005.07.27 16:15 B c:\apache\htdocs\tmp\adodb\drivers\adodb-informix.inc.php --> hermes /var/www/html/planes/tmp/adodb/drivers adodb-informix.inc.php
2005.07.27 16:15 B c:\apache\htdocs\tmp\adodb\drivers\adodb-informix72.inc.php --> hermes /var/www/html/planes/tmp/adodb/drivers adodb-informix72.inc.php
2005.07.27 16:15 B c:\apache\htdocs\tmp\adodb\drivers\adodb-mssql.inc.php --> hermes /var/www/html/planes/tmp/adodb/drivers adodb-mssql.inc.php
2005.07.27 16:15 B c:\apache\htdocs\tmp\adodb\drivers\adodb-mssqlpo.inc.php --> hermes /var/www/html/planes/tmp/adodb/drivers adodb-mssqlpo.inc.php
2005.07.27 16:15 B c:\apache\htdocs\tmp\adodb\drivers\adodb-mysql.inc.php --> hermes /var/www/html/planes/tmp/adodb/drivers adodb-mysql.inc.php
2005.07.27 16:15 B c:\apache\htdocs\tmp\adodb\drivers\adodb-mysqli.inc.php --> hermes /var/www/html/planes/tmp/adodb/drivers adodb-mysqli.inc.php
2005.07.27 16:15 B c:\apache\htdocs\tmp\adodb\drivers\adodb-mysqlt.inc.php --> hermes /var/www/html/planes/tmp/adodb/drivers adodb-mysqlt.inc.php
2005.07.27 16:15 B c:\apache\htdocs\tmp\adodb\drivers\adodb-oci8.inc.php --> hermes /var/www/html/planes/tmp/adodb/drivers adodb-oci8.inc.php
2005.07.27 16:15 B c:\apache\htdocs\tmp\adodb\drivers\adodb-oci805.inc.php --> hermes /var/www/html/planes/tmp/adodb/drivers adodb-oci805.inc.php
2005.07.27 16:15 B c:\apache\htdocs\tmp\adodb\drivers\adodb-oci8po.inc.php --> hermes /var/www/html/planes/tmp/adodb/drivers adodb-oci8po.inc.php
2005.07.27 16:15 B c:\apache\htdocs\tmp\adodb\drivers\adodb-odbc.inc.php --> hermes /var/www/html/planes/tmp/adodb/drivers adodb-odbc.inc.php
2005.07.27 16:15 B c:\apache\htdocs\tmp\adodb\drivers\adodb-odbc_mssql.inc.php --> hermes /var/www/html/planes/tmp/adodb/drivers adodb-odbc_mssql.inc.php
2005.07.27 16:15 B c:\apache\htdocs\tmp\adodb\drivers\adodb-odbc_oracle.inc.php --> hermes /var/www/html/planes/tmp/adodb/drivers adodb-odbc_oracle.inc.php
2005.07.27 16:15 B c:\apache\htdocs\tmp\adodb\drivers\adodb-oracle.inc.php --> hermes /var/www/html/planes/tmp/adodb/drivers adodb-oracle.inc.php
2005.07.27 16:15 B c:\apache\htdocs\tmp\adodb\drivers\adodb-postgres.inc.php --> hermes /var/www/html/planes/tmp/adodb/drivers adodb-postgres.inc.php
2005.07.27 16:15 B c:\apache\htdocs\tmp\adodb\drivers\adodb-postgres64.inc.php --> hermes /var/www/html/planes/tmp/adodb/drivers adodb-postgres64.inc.php
2005.07.27 16:15 B c:\apache\htdocs\tmp\adodb\drivers\adodb-postgres7.inc.php --> hermes /var/www/html/planes/tmp/adodb/drivers adodb-postgres7.inc.php
2005.07.27 16:15 B c:\apache\htdocs\tmp\adodb\drivers\adodb-proxy.inc.php --> hermes /var/www/html/planes/tmp/adodb/drivers adodb-proxy.inc.php
2005.07.27 16:15 B c:\apache\htdocs\tmp\adodb\drivers\adodb-sapdb.inc.php --> hermes /var/www/html/planes/tmp/adodb/drivers adodb-sapdb.inc.php
2005.07.27 16:15 B c:\apache\htdocs\tmp\adodb\drivers\adodb-sqlanywhere.inc.php --> hermes /var/www/html/planes/tmp/adodb/drivers adodb-sqlanywhere.inc.php
2005.07.27 16:15 B c:\apache\htdocs\tmp\adodb\drivers\adodb-sqlite.inc.php --> hermes /var/www/html/planes/tmp/adodb/drivers adodb-sqlite.inc.php
2005.07.27 16:15 B c:\apache\htdocs\tmp\adodb\drivers\adodb-sybase.inc.php --> hermes /var/www/html/planes/tmp/adodb/drivers adodb-sybase.inc.php
2005.07.27 16:15 B c:\apache\htdocs\tmp\adodb\drivers\adodb-vfp.inc.php --> hermes /var/www/html/planes/tmp/adodb/drivers adodb-vfp.inc.php
2005.07.27 16:15 B c:\apache\htdocs\tmp\adodb\drivers\WS_FTP.LOG --> hermes /var/www/html/planes/tmp/adodb/drivers WS_FTP.LOG
