2005.06.24 16:55 B C:\nuevo_sitio\adodb\adodb-csvlib.inc.php <-- hermes /var/www/adodb adodb-csvlib.inc.php
2005.06.24 16:55 B C:\nuevo_sitio\adodb\adodb-datadict.inc.php <-- hermes /var/www/adodb adodb-datadict.inc.php
2005.06.24 16:55 B C:\nuevo_sitio\adodb\adodb-error.inc.php <-- hermes /var/www/adodb adodb-error.inc.php
2005.06.24 16:55 B C:\nuevo_sitio\adodb\adodb-errorhandler.inc.php <-- hermes /var/www/adodb adodb-errorhandler.inc.php
2005.06.24 16:55 B C:\nuevo_sitio\adodb\adodb-errorpear.inc.php <-- hermes /var/www/adodb adodb-errorpear.inc.php
2005.06.24 16:55 B C:\nuevo_sitio\adodb\adodb-exceptions.inc.php <-- hermes /var/www/adodb adodb-exceptions.inc.php
2005.06.24 16:55 B C:\nuevo_sitio\adodb\adodb-iterator.inc.php <-- hermes /var/www/adodb adodb-iterator.inc.php
2005.06.24 16:55 B C:\nuevo_sitio\adodb\adodb-lib.inc.php <-- hermes /var/www/adodb adodb-lib.inc.php
2005.06.24 16:55 B C:\nuevo_sitio\adodb\adodb-pager.inc.php <-- hermes /var/www/adodb adodb-pager.inc.php
2005.06.24 16:55 B C:\nuevo_sitio\adodb\adodb-pear.inc.php <-- hermes /var/www/adodb adodb-pear.inc.php
2005.06.24 16:55 B C:\nuevo_sitio\adodb\adodb-perf.inc.php <-- hermes /var/www/adodb adodb-perf.inc.php
2005.06.24 16:55 B C:\nuevo_sitio\adodb\adodb-php4.inc.php <-- hermes /var/www/adodb adodb-php4.inc.php
2005.06.24 16:55 B C:\nuevo_sitio\adodb\adodb-time.inc.php <-- hermes /var/www/adodb adodb-time.inc.php
2005.06.24 16:55 B C:\nuevo_sitio\adodb\adodb-xmlschema.inc.php <-- hermes /var/www/adodb adodb-xmlschema.inc.php
2005.06.24 16:55 B C:\nuevo_sitio\adodb\adodb-xmlschema.zip <-- hermes /var/www/adodb adodb-xmlschema.zip
2005.06.24 16:55 B C:\nuevo_sitio\adodb\adodb.inc.php <-- hermes /var/www/adodb adodb.inc.php
2005.06.24 16:55 B C:\nuevo_sitio\adodb\docs-adodb.htm <-- hermes /var/www/adodb docs-adodb.htm
2005.06.24 16:55 B C:\nuevo_sitio\adodb\docs-datadict.htm <-- hermes /var/www/adodb docs-datadict.htm
2005.06.24 16:55 B C:\nuevo_sitio\adodb\docs-perf.htm <-- hermes /var/www/adodb docs-perf.htm
2005.06.24 16:55 B C:\nuevo_sitio\adodb\docs-session.htm <-- hermes /var/www/adodb docs-session.htm
2005.06.24 16:55 B C:\nuevo_sitio\adodb\license.txt <-- hermes /var/www/adodb license.txt
2005.06.24 16:55 B C:\nuevo_sitio\adodb\old-changelog.htm <-- hermes /var/www/adodb old-changelog.htm
2005.06.24 16:55 B C:\nuevo_sitio\adodb\pivottable.inc.php <-- hermes /var/www/adodb pivottable.inc.php
2005.06.24 16:55 B C:\nuevo_sitio\adodb\readme.htm <-- hermes /var/www/adodb readme.htm
2005.06.24 16:55 B C:\nuevo_sitio\adodb\readme.txt <-- hermes /var/www/adodb readme.txt
2005.06.24 16:55 B C:\nuevo_sitio\adodb\rsfilter.inc.php <-- hermes /var/www/adodb rsfilter.inc.php
2005.06.24 16:55 B C:\nuevo_sitio\adodb\server.php <-- hermes /var/www/adodb server.php
2005.06.24 16:55 B C:\nuevo_sitio\adodb\tips_portable_sql.htm <-- hermes /var/www/adodb tips_portable_sql.htm
2005.06.24 16:55 B C:\nuevo_sitio\adodb\toexport.inc.php <-- hermes /var/www/adodb toexport.inc.php
2005.06.24 16:55 B C:\nuevo_sitio\adodb\tohtml.inc.php <-- hermes /var/www/adodb tohtml.inc.php
2005.06.24 16:55 B C:\nuevo_sitio\adodb\tute.htm <-- hermes /var/www/adodb tute.htm
2005.07.27 16:16 B c:\apache\htdocs\tmp\adodb\adodb-csvlib.inc.php --> hermes /var/www/html/planes/tmp/adodb adodb-csvlib.inc.php
2005.07.27 16:16 B c:\apache\htdocs\tmp\adodb\adodb-datadict.inc.php --> hermes /var/www/html/planes/tmp/adodb adodb-datadict.inc.php
2005.07.27 16:16 B c:\apache\htdocs\tmp\adodb\adodb-error.inc.php --> hermes /var/www/html/planes/tmp/adodb adodb-error.inc.php
2005.07.27 16:16 B c:\apache\htdocs\tmp\adodb\adodb-errorhandler.inc.php --> hermes /var/www/html/planes/tmp/adodb adodb-errorhandler.inc.php
2005.07.27 16:16 B c:\apache\htdocs\tmp\adodb\adodb-errorpear.inc.php --> hermes /var/www/html/planes/tmp/adodb adodb-errorpear.inc.php
2005.07.27 16:16 B c:\apache\htdocs\tmp\adodb\adodb-exceptions.inc.php --> hermes /var/www/html/planes/tmp/adodb adodb-exceptions.inc.php
2005.07.27 16:16 B c:\apache\htdocs\tmp\adodb\adodb-iterator.inc.php --> hermes /var/www/html/planes/tmp/adodb adodb-iterator.inc.php
2005.07.27 16:16 B c:\apache\htdocs\tmp\adodb\adodb-lib.inc.php --> hermes /var/www/html/planes/tmp/adodb adodb-lib.inc.php
2005.07.27 16:16 B c:\apache\htdocs\tmp\adodb\adodb-pager.inc.php --> hermes /var/www/html/planes/tmp/adodb adodb-pager.inc.php
2005.07.27 16:16 B c:\apache\htdocs\tmp\adodb\adodb-pear.inc.php --> hermes /var/www/html/planes/tmp/adodb adodb-pear.inc.php
2005.07.27 16:16 B c:\apache\htdocs\tmp\adodb\adodb-perf.inc.php --> hermes /var/www/html/planes/tmp/adodb adodb-perf.inc.php
2005.07.27 16:16 B c:\apache\htdocs\tmp\adodb\adodb-php4.inc.php --> hermes /var/www/html/planes/tmp/adodb adodb-php4.inc.php
2005.07.27 16:16 B c:\apache\htdocs\tmp\adodb\adodb-time.inc.php --> hermes /var/www/html/planes/tmp/adodb adodb-time.inc.php
2005.07.27 16:16 B c:\apache\htdocs\tmp\adodb\adodb-xmlschema.inc.php --> hermes /var/www/html/planes/tmp/adodb adodb-xmlschema.inc.php
2005.07.27 16:16 B c:\apache\htdocs\tmp\adodb\adodb-xmlschema.zip --> hermes /var/www/html/planes/tmp/adodb adodb-xmlschema.zip
2005.07.27 16:16 B c:\apache\htdocs\tmp\adodb\adodb.inc.php --> hermes /var/www/html/planes/tmp/adodb adodb.inc.php
2005.07.27 16:16 B c:\apache\htdocs\tmp\adodb\docs-adodb.htm --> hermes /var/www/html/planes/tmp/adodb docs-adodb.htm
2005.07.27 16:16 B c:\apache\htdocs\tmp\adodb\docs-datadict.htm --> hermes /var/www/html/planes/tmp/adodb docs-datadict.htm
2005.07.27 16:16 B c:\apache\htdocs\tmp\adodb\docs-perf.htm --> hermes /var/www/html/planes/tmp/adodb docs-perf.htm
2005.07.27 16:16 B c:\apache\htdocs\tmp\adodb\docs-session.htm --> hermes /var/www/html/planes/tmp/adodb docs-session.htm
2005.07.27 16:16 B c:\apache\htdocs\tmp\adodb\license.txt --> hermes /var/www/html/planes/tmp/adodb license.txt
2005.07.27 16:16 B c:\apache\htdocs\tmp\adodb\old-changelog.htm --> hermes /var/www/html/planes/tmp/adodb old-changelog.htm
2005.07.27 16:16 B c:\apache\htdocs\tmp\adodb\pivottable.inc.php --> hermes /var/www/html/planes/tmp/adodb pivottable.inc.php
2005.07.27 16:16 B c:\apache\htdocs\tmp\adodb\readme.htm --> hermes /var/www/html/planes/tmp/adodb readme.htm
2005.07.27 16:16 B c:\apache\htdocs\tmp\adodb\readme.txt --> hermes /var/www/html/planes/tmp/adodb readme.txt
2005.07.27 16:16 B c:\apache\htdocs\tmp\adodb\rsfilter.inc.php --> hermes /var/www/html/planes/tmp/adodb rsfilter.inc.php
2005.07.27 16:16 B c:\apache\htdocs\tmp\adodb\server.php --> hermes /var/www/html/planes/tmp/adodb server.php
2005.07.27 16:16 B c:\apache\htdocs\tmp\adodb\tips_portable_sql.htm --> hermes /var/www/html/planes/tmp/adodb tips_portable_sql.htm
2005.07.27 16:16 B c:\apache\htdocs\tmp\adodb\toexport.inc.php --> hermes /var/www/html/planes/tmp/adodb toexport.inc.php
2005.07.27 16:16 B c:\apache\htdocs\tmp\adodb\tohtml.inc.php --> hermes /var/www/html/planes/tmp/adodb tohtml.inc.php
2005.07.27 16:16 B c:\apache\htdocs\tmp\adodb\tute.htm --> hermes /var/www/html/planes/tmp/adodb tute.htm
2005.07.27 16:16 B c:\apache\htdocs\tmp\adodb\WS_FTP.LOG --> hermes /var/www/html/planes/tmp/adodb WS_FTP.LOG
