2005.06.24 16:55 B C:\nuevo_sitio\adodb\lang\adodb-cn.inc.php <-- hermes /var/www/adodb/lang adodb-cn.inc.php
2005.06.24 16:55 B C:\nuevo_sitio\adodb\lang\adodb-cz.inc.php <-- hermes /var/www/adodb/lang adodb-cz.inc.php
2005.06.24 16:55 B C:\nuevo_sitio\adodb\lang\adodb-de.inc.php <-- hermes /var/www/adodb/lang adodb-de.inc.php
2005.06.24 16:55 B C:\nuevo_sitio\adodb\lang\adodb-en.inc.php <-- hermes /var/www/adodb/lang adodb-en.inc.php
2005.06.24 16:55 B C:\nuevo_sitio\adodb\lang\adodb-es.inc.php <-- hermes /var/www/adodb/lang adodb-es.inc.php
2005.06.24 16:55 B C:\nuevo_sitio\adodb\lang\adodb-fr.inc.php <-- hermes /var/www/adodb/lang adodb-fr.inc.php
2005.06.24 16:55 B C:\nuevo_sitio\adodb\lang\adodb-it.inc.php <-- hermes /var/www/adodb/lang adodb-it.inc.php
2005.06.24 16:55 B C:\nuevo_sitio\adodb\lang\adodb-pt-br.inc.php <-- hermes /var/www/adodb/lang adodb-pt-br.inc.php
2005.06.24 16:55 B C:\nuevo_sitio\adodb\lang\adodb-ru1251.inc.php <-- hermes /var/www/adodb/lang adodb-ru1251.inc.php
2005.06.24 16:55 B C:\nuevo_sitio\adodb\lang\adodb-sv.inc.php <-- hermes /var/www/adodb/lang adodb-sv.inc.php
2005.07.27 16:15 B c:\apache\htdocs\tmp\adodb\lang\adodb-cn.inc.php --> hermes /var/www/html/planes/tmp/adodb/lang adodb-cn.inc.php
2005.07.27 16:15 B c:\apache\htdocs\tmp\adodb\lang\adodb-cz.inc.php --> hermes /var/www/html/planes/tmp/adodb/lang adodb-cz.inc.php
2005.07.27 16:15 B c:\apache\htdocs\tmp\adodb\lang\adodb-de.inc.php --> hermes /var/www/html/planes/tmp/adodb/lang adodb-de.inc.php
2005.07.27 16:15 B c:\apache\htdocs\tmp\adodb\lang\adodb-en.inc.php --> hermes /var/www/html/planes/tmp/adodb/lang adodb-en.inc.php
2005.07.27 16:15 B c:\apache\htdocs\tmp\adodb\lang\adodb-es.inc.php --> hermes /var/www/html/planes/tmp/adodb/lang adodb-es.inc.php
2005.07.27 16:15 B c:\apache\htdocs\tmp\adodb\lang\adodb-fr.inc.php --> hermes /var/www/html/planes/tmp/adodb/lang adodb-fr.inc.php
2005.07.27 16:15 B c:\apache\htdocs\tmp\adodb\lang\adodb-it.inc.php --> hermes /var/www/html/planes/tmp/adodb/lang adodb-it.inc.php
2005.07.27 16:15 B c:\apache\htdocs\tmp\adodb\lang\adodb-pt-br.inc.php --> hermes /var/www/html/planes/tmp/adodb/lang adodb-pt-br.inc.php
2005.07.27 16:15 B c:\apache\htdocs\tmp\adodb\lang\adodb-ru1251.inc.php --> hermes /var/www/html/planes/tmp/adodb/lang adodb-ru1251.inc.php
2005.07.27 16:15 B c:\apache\htdocs\tmp\adodb\lang\adodb-sv.inc.php --> hermes /var/www/html/planes/tmp/adodb/lang adodb-sv.inc.php
2005.07.27 16:15 B c:\apache\htdocs\tmp\adodb\lang\WS_FTP.LOG --> hermes /var/www/html/planes/tmp/adodb/lang WS_FTP.LOG
