2005.06.24 16:55 B C:\nuevo_sitio\adodb\datadict\datadict-access.inc.php <-- hermes /var/www/adodb/datadict datadict-access.inc.php
2005.06.24 16:55 B C:\nuevo_sitio\adodb\datadict\datadict-db2.inc.php <-- hermes /var/www/adodb/datadict datadict-db2.inc.php
2005.06.24 16:55 B C:\nuevo_sitio\adodb\datadict\datadict-generic.inc.php <-- hermes /var/www/adodb/datadict datadict-generic.inc.php
2005.06.24 16:55 B C:\nuevo_sitio\adodb\datadict\datadict-ibase.inc.php <-- hermes /var/www/adodb/datadict datadict-ibase.inc.php
2005.06.24 16:55 B C:\nuevo_sitio\adodb\datadict\datadict-informix.inc.php <-- hermes /var/www/adodb/datadict datadict-informix.inc.php
2005.06.24 16:55 B C:\nuevo_sitio\adodb\datadict\datadict-mssql.inc.php <-- hermes /var/www/adodb/datadict datadict-mssql.inc.php
2005.06.24 16:55 B C:\nuevo_sitio\adodb\datadict\datadict-mysql.inc.php <-- hermes /var/www/adodb/datadict datadict-mysql.inc.php
2005.06.24 16:55 B C:\nuevo_sitio\adodb\datadict\datadict-oci8.inc.php <-- hermes /var/www/adodb/datadict datadict-oci8.inc.php
2005.06.24 16:55 B C:\nuevo_sitio\adodb\datadict\datadict-postgres.inc.php <-- hermes /var/www/adodb/datadict datadict-postgres.inc.php
2005.06.24 16:55 B C:\nuevo_sitio\adodb\datadict\datadict-sybase.inc.php <-- hermes /var/www/adodb/datadict datadict-sybase.inc.php
2005.07.27 16:15 B c:\apache\htdocs\tmp\adodb\datadict\datadict-access.inc.php --> hermes /var/www/html/planes/tmp/adodb/datadict datadict-access.inc.php
2005.07.27 16:15 B c:\apache\htdocs\tmp\adodb\datadict\datadict-db2.inc.php --> hermes /var/www/html/planes/tmp/adodb/datadict datadict-db2.inc.php
2005.07.27 16:15 B c:\apache\htdocs\tmp\adodb\datadict\datadict-generic.inc.php --> hermes /var/www/html/planes/tmp/adodb/datadict datadict-generic.inc.php
2005.07.27 16:15 B c:\apache\htdocs\tmp\adodb\datadict\datadict-ibase.inc.php --> hermes /var/www/html/planes/tmp/adodb/datadict datadict-ibase.inc.php
2005.07.27 16:15 B c:\apache\htdocs\tmp\adodb\datadict\datadict-informix.inc.php --> hermes /var/www/html/planes/tmp/adodb/datadict datadict-informix.inc.php
2005.07.27 16:15 B c:\apache\htdocs\tmp\adodb\datadict\datadict-mssql.inc.php --> hermes /var/www/html/planes/tmp/adodb/datadict datadict-mssql.inc.php
2005.07.27 16:15 B c:\apache\htdocs\tmp\adodb\datadict\datadict-mysql.inc.php --> hermes /var/www/html/planes/tmp/adodb/datadict datadict-mysql.inc.php
2005.07.27 16:15 B c:\apache\htdocs\tmp\adodb\datadict\datadict-oci8.inc.php --> hermes /var/www/html/planes/tmp/adodb/datadict datadict-oci8.inc.php
2005.07.27 16:15 B c:\apache\htdocs\tmp\adodb\datadict\datadict-postgres.inc.php --> hermes /var/www/html/planes/tmp/adodb/datadict datadict-postgres.inc.php
2005.07.27 16:15 B c:\apache\htdocs\tmp\adodb\datadict\datadict-sybase.inc.php --> hermes /var/www/html/planes/tmp/adodb/datadict datadict-sybase.inc.php
2005.07.27 16:15 B c:\apache\htdocs\tmp\adodb\datadict\WS_FTP.LOG --> hermes /var/www/html/planes/tmp/adodb/datadict WS_FTP.LOG
